{"level":"error","message":"Error logging in: authService.loginUser is not a function","timestamp":"2025-02-22T11:01:12.435Z"}
{"level":"error","message":"Error logging in: secretKey is not defined","timestamp":"2025-02-22T11:05:40.488Z"}
{"level":"error","message":"Error logging in: Internal server error","timestamp":"2025-02-22T11:05:40.494Z"}
{"level":"error","message":"Error updating employee in DB: employeeId is not defined","timestamp":"2025-02-24T04:41:31.775Z"}
{"level":"error","message":"Error updating employee: Error updating employees","timestamp":"2025-02-24T04:41:31.777Z"}
{"level":"error","message":"Error updating employee in DB: employeeId is not defined","timestamp":"2025-02-24T04:44:16.376Z"}
{"level":"error","message":"Error updating employee: Error updating employees","timestamp":"2025-02-24T04:44:16.381Z"}
{"level":"error","message":"Error logging in: Cannot read properties of undefined (reading 'findOne')","timestamp":"2025-02-24T12:16:36.929Z"}
{"level":"error","message":"Error logging in: Internal server error","timestamp":"2025-02-24T12:16:36.939Z"}
{"level":"error","message":"Error logging in: Cannot read properties of undefined (reading 'findOne')","timestamp":"2025-02-24T12:20:53.282Z"}
{"level":"error","message":"Error logging in: Internal server error","timestamp":"2025-02-24T12:20:53.285Z"}
{"level":"error","message":"Error logging in: Cannot read properties of undefined (reading 'findOne')","timestamp":"2025-02-24T12:43:24.430Z"}
{"level":"error","message":"Error logging in: Internal server error","timestamp":"2025-02-24T12:43:24.443Z"}
{"level":"error","message":"Error logging in: Cannot read properties of undefined (reading 'findOne')","timestamp":"2025-02-24T12:45:47.708Z"}
{"level":"error","message":"Error logging in: Internal server error","timestamp":"2025-02-24T12:45:47.723Z"}
{"level":"error","message":"Error logging in: Cannot read properties of undefined (reading 'findOne')","timestamp":"2025-02-26T09:51:17.216Z"}
{"level":"error","message":"Error logging in: Internal server error","timestamp":"2025-02-26T09:51:17.225Z"}
{"level":"error","message":"Error logging in: Cannot read properties of undefined (reading 'findOne')","timestamp":"2025-02-26T09:55:41.190Z"}
{"level":"error","message":"Error logging in: Internal server error","timestamp":"2025-02-26T09:55:41.195Z"}
{"level":"error","message":"Error logging in: Cannot read properties of undefined (reading 'findOne')","timestamp":"2025-02-26T10:18:30.168Z"}
{"level":"error","message":"Error logging in: Internal server error","timestamp":"2025-02-26T10:18:30.182Z"}
{"level":"error","message":"Error logging in: relation \"users\" does not exist","timestamp":"2025-02-26T10:32:18.427Z"}
{"level":"error","message":"Error logging in: Internal server error","timestamp":"2025-02-26T10:32:18.432Z"}
{"level":"error","message":"Error logging in: relation \"users\" does not exist","timestamp":"2025-02-26T10:48:20.970Z"}
{"level":"error","message":"Error logging in: Internal server error","timestamp":"2025-02-26T10:48:20.976Z"}
{"level":"error","message":"Error logging in: relation \"users\" does not exist","timestamp":"2025-02-26T11:05:16.437Z"}
{"level":"error","message":"Error logging in: Internal server error","timestamp":"2025-02-26T11:05:16.441Z"}
{"level":"error","message":"Error logging in: relation \"users\" does not exist","timestamp":"2025-02-26T11:06:15.001Z"}
{"level":"error","message":"Error logging in: Internal server error","timestamp":"2025-02-26T11:06:15.006Z"}
{"level":"error","message":"Error logging in: relation \"users\" does not exist","timestamp":"2025-02-26T11:08:07.673Z"}
{"level":"error","message":"Error logging in: Internal server error","timestamp":"2025-02-26T11:08:07.678Z"}
{"level":"error","message":"Error logging in: relation \"users\" does not exist","timestamp":"2025-02-26T11:11:19.822Z"}
{"level":"error","message":"Error logging in: Internal server error","timestamp":"2025-02-26T11:11:19.826Z"}
{"level":"error","message":"Error registering user: Email already registered.","timestamp":"2025-02-26T11:22:40.835Z"}
{"level":"error","message":"Error registering user: Email already registered.","timestamp":"2025-02-26T11:22:40.836Z"}
{"level":"error","message":"Error logging in: Invalid credentials","timestamp":"2025-03-01T12:28:34.967Z"}
{"level":"error","message":"Error logging in: Invalid credentials","timestamp":"2025-03-01T12:28:34.968Z"}
{"level":"error","message":"Error logging in: Invalid credentials","timestamp":"2025-03-01T12:30:58.055Z"}
{"level":"error","message":"Error logging in: Invalid credentials","timestamp":"2025-03-01T12:30:58.056Z"}
